<?xml version="1.0" encoding="UTF-8"?>
<testng-results ignored="0" total="1" passed="1" failed="0" skipped="0">
  <reporter-output>
  </reporter-output>
  <suite started-at="2024-11-19T16:03:01 IST" name="Default suite" finished-at="2024-11-19T16:03:04 IST" duration-ms="2827">
    <groups>
    </groups>
    <test started-at="2024-11-19T16:03:01 IST" name="Default test" finished-at="2024-11-19T16:03:04 IST" duration-ms="2827">
      <class name="ninza.hrm.api.employetest.CheckingDbInDatabaseTest">
        <test-method signature="createProjectCheckDB()[pri:0, instance:ninza.hrm.api.employetest.CheckingDbInDatabaseTest@f78a47e]" started-at="2024-11-19T16:03:01 IST" name="createProjectCheckDB" finished-at="2024-11-19T16:03:04 IST" duration-ms="2792" status="PASS">
          <reporter-output>
          </reporter-output>
        </test-method> <!-- createProjectCheckDB -->
      </class> <!-- ninza.hrm.api.employetest.CheckingDbInDatabaseTest -->
    </test> <!-- Default test -->
  </suite> <!-- Default suite -->
</testng-results>
