<?xml version="1.0" encoding="UTF-8"?>
<testng-results ignored="0" total="1" passed="1" failed="0" skipped="0">
  <reporter-output>
  </reporter-output>
  <suite started-at="2024-11-17T13:16:03 IST" name="Default suite" finished-at="2024-11-17T13:16:04 IST" duration-ms="1501">
    <groups>
    </groups>
    <test started-at="2024-11-17T13:16:03 IST" name="Default test" finished-at="2024-11-17T13:16:04 IST" duration-ms="1501">
      <class name="com.sample.assertions.VerifyResponseBodyTest">
        <test-method signature="verifyResponseBody()[pri:0, instance:com.sample.assertions.VerifyResponseBodyTest@54a7079e]" started-at="2024-11-17T13:16:03 IST" name="verifyResponseBody" finished-at="2024-11-17T13:16:04 IST" duration-ms="1436" status="PASS">
          <reporter-output>
          </reporter-output>
        </test-method> <!-- verifyResponseBody -->
      </class> <!-- com.sample.assertions.VerifyResponseBodyTest -->
    </test> <!-- Default test -->
  </suite> <!-- Default suite -->
</testng-results>
